<?xml version="1.0" encoding="UTF-8"?>
<testng-results ignored="0" total="1" passed="1" failed="0" skipped="0">
  <reporter-output>
  </reporter-output>
  <suite started-at="2024-02-22T15:15:20 IST" name="Default suite" finished-at="2024-02-22T15:15:35 IST" duration-ms="15039">
    <groups>
      <group name="cucumber">
        <method signature="AbstractTestNGCucumberTests.runScenario(io.cucumber.testng.PickleWrapper,io.cucumber.testng.FeatureWrapper)[pri:0, instance:Runners.TestNG_Runner@2a265ea9]" name="runScenario" class="io.cucumber.testng.AbstractTestNGCucumberTests"/>
      </group> <!-- cucumber -->
    </groups>
    <test started-at="2024-02-22T15:15:20 IST" name="Default test" finished-at="2024-02-22T15:15:35 IST" duration-ms="15039">
      <class name="Runners.TestNG_Runner">
        <test-method is-config="true" signature="setUpClass(org.testng.ITestContext)[pri:0, instance:Runners.TestNG_Runner@2a265ea9]" started-at="2024-02-22T15:15:20 IST" name="setUpClass" finished-at="2024-02-22T15:15:20 IST" duration-ms="238" status="PASS">
          <params>
            <param index="0">
              <value>
                <![CDATA[org.testng.TestRunner@5c441290]]>
              </value>
            </param>
          </params>
          <reporter-output>
          </reporter-output>
        </test-method> <!-- setUpClass -->
        <test-method signature="runScenario(io.cucumber.testng.PickleWrapper,io.cucumber.testng.FeatureWrapper)[pri:0, instance:Runners.TestNG_Runner@2a265ea9]" started-at="2024-02-22T15:15:20 IST" name="runScenario" description="Runs Cucumber Scenarios" data-provider="scenarios" finished-at="2024-02-22T15:15:35 IST" duration-ms="14751" status="PASS">
          <params>
            <param index="0">
              <value>
                <![CDATA["check user is able to sync logs"]]>
              </value>
            </param>
            <param index="1">
              <value>
                <![CDATA["Feature to test Sync Logs fuctionality"]]>
              </value>
            </param>
          </params>
          <reporter-output>
          </reporter-output>
        </test-method> <!-- runScenario -->
        <test-method is-config="true" signature="tearDownClass()[pri:0, instance:Runners.TestNG_Runner@2a265ea9]" started-at="2024-02-22T15:15:35 IST" name="tearDownClass" finished-at="2024-02-22T15:15:35 IST" duration-ms="16" status="PASS">
          <reporter-output>
          </reporter-output>
        </test-method> <!-- tearDownClass -->
      </class> <!-- Runners.TestNG_Runner -->
    </test> <!-- Default test -->
  </suite> <!-- Default suite -->
</testng-results>
